<?xml version="1.0" encoding="UTF-8"?>
<testsuite name="com.silenteight.homework.repository.NamesFromFilesRepositoryTest" tests="1" skipped="0" failures="0" errors="0" timestamp="2021-04-06T11:20:29" hostname="DESKTOP-9MEJI3E" time="0.336">
  <properties/>
  <testcase name="gettingAllFemaleNamesFromFileShouldNotBeNull()" classname="com.silenteight.homework.repository.NamesFromFilesRepositoryTest" time="0.336"/>
  <system-out><![CDATA[13:20:27.035 [Test worker] DEBUG org.springframework.test.context.BootstrapUtils - Instantiating CacheAwareContextLoaderDelegate from class [org.springframework.test.context.cache.DefaultCacheAwareContextLoaderDelegate]
13:20:27.048 [Test worker] DEBUG org.springframework.test.context.BootstrapUtils - Instantiating BootstrapContext using constructor [public org.springframework.test.context.support.DefaultBootstrapContext(java.lang.Class,org.springframework.test.context.CacheAwareContextLoaderDelegate)]
13:20:27.084 [Test worker] DEBUG org.springframework.test.context.BootstrapUtils - Instantiating TestContextBootstrapper for test class [com.silenteight.homework.repository.NamesFromFilesRepositoryTest] from class [org.springframework.boot.test.context.SpringBootTestContextBootstrapper]
13:20:27.097 [Test worker] INFO org.springframework.boot.test.context.SpringBootTestContextBootstrapper - Neither @ContextConfiguration nor @ContextHierarchy found for test class [com.silenteight.homework.repository.NamesFromFilesRepositoryTest], using SpringBootContextLoader
13:20:27.100 [Test worker] DEBUG org.springframework.test.context.support.AbstractContextLoader - Did not detect default resource location for test class [com.silenteight.homework.repository.NamesFromFilesRepositoryTest]: class path resource [com/silenteight/homework/repository/NamesFromFilesRepositoryTest-context.xml] does not exist
13:20:27.101 [Test worker] DEBUG org.springframework.test.context.support.AbstractContextLoader - Did not detect default resource location for test class [com.silenteight.homework.repository.NamesFromFilesRepositoryTest]: class path resource [com/silenteight/homework/repository/NamesFromFilesRepositoryTestContext.groovy] does not exist
13:20:27.101 [Test worker] INFO org.springframework.test.context.support.AbstractContextLoader - Could not detect default resource locations for test class [com.silenteight.homework.repository.NamesFromFilesRepositoryTest]: no resource found for suffixes {-context.xml, Context.groovy}.
13:20:27.151 [Test worker] DEBUG org.springframework.test.context.support.ActiveProfilesUtils - Could not find an 'annotation declaring class' for annotation type [org.springframework.test.context.ActiveProfiles] and class [com.silenteight.homework.repository.NamesFromFilesRepositoryTest]
13:20:27.306 [Test worker] DEBUG org.springframework.boot.test.context.SpringBootTestContextBootstrapper - @TestExecutionListeners is not present for class [com.silenteight.homework.repository.NamesFromFilesRepositoryTest]: using defaults.
13:20:27.306 [Test worker] INFO org.springframework.boot.test.context.SpringBootTestContextBootstrapper - Loaded default TestExecutionListener class names from location [META-INF/spring.factories]: [org.springframework.boot.test.autoconfigure.restdocs.RestDocsTestExecutionListener, org.springframework.boot.test.autoconfigure.web.client.MockRestServiceServerResetTestExecutionListener, org.springframework.boot.test.autoconfigure.web.servlet.MockMvcPrintOnlyOnFailureTestExecutionListener, org.springframework.boot.test.autoconfigure.web.servlet.WebDriverTestExecutionListener, org.springframework.boot.test.autoconfigure.webservices.client.MockWebServiceServerTestExecutionListener, org.springframework.boot.test.mock.mockito.MockitoTestExecutionListener, org.springframework.boot.test.mock.mockito.ResetMocksTestExecutionListener, org.springframework.test.context.web.ServletTestExecutionListener, org.springframework.test.context.support.DirtiesContextBeforeModesTestExecutionListener, org.springframework.test.context.event.ApplicationEventsTestExecutionListener, org.springframework.test.context.support.DependencyInjectionTestExecutionListener, org.springframework.test.context.support.DirtiesContextTestExecutionListener, org.springframework.test.context.transaction.TransactionalTestExecutionListener, org.springframework.test.context.jdbc.SqlScriptsTestExecutionListener, org.springframework.test.context.event.EventPublishingTestExecutionListener]
13:20:27.320 [Test worker] DEBUG org.springframework.boot.test.context.SpringBootTestContextBootstrapper - Skipping candidate TestExecutionListener [org.springframework.test.context.transaction.TransactionalTestExecutionListener] due to a missing dependency. Specify custom listener classes or make the default listener classes and their required dependencies available. Offending class: [org/springframework/transaction/interceptor/TransactionAttributeSource]
13:20:27.320 [Test worker] DEBUG org.springframework.boot.test.context.SpringBootTestContextBootstrapper - Skipping candidate TestExecutionListener [org.springframework.test.context.jdbc.SqlScriptsTestExecutionListener] due to a missing dependency. Specify custom listener classes or make the default listener classes and their required dependencies available. Offending class: [org/springframework/transaction/interceptor/TransactionAttribute]
13:20:27.321 [Test worker] INFO org.springframework.boot.test.context.SpringBootTestContextBootstrapper - Using TestExecutionListeners: [org.springframework.test.context.web.ServletTestExecutionListener@6e78f192, org.springframework.test.context.support.DirtiesContextBeforeModesTestExecutionListener@52131adf, org.springframework.test.context.event.ApplicationEventsTestExecutionListener@f2bf27a, org.springframework.boot.test.mock.mockito.MockitoTestExecutionListener@5f9dd01b, org.springframework.boot.test.autoconfigure.SpringBootDependencyInjectionTestExecutionListener@76c04e1b, org.springframework.test.context.support.DirtiesContextTestExecutionListener@3c4f77fe, org.springframework.test.context.event.EventPublishingTestExecutionListener@6ca7fa2f, org.springframework.boot.test.autoconfigure.restdocs.RestDocsTestExecutionListener@5d0bf2a8, org.springframework.boot.test.autoconfigure.web.client.MockRestServiceServerResetTestExecutionListener@294fdf84, org.springframework.boot.test.autoconfigure.web.servlet.MockMvcPrintOnlyOnFailureTestExecutionListener@6e78bdd4, org.springframework.boot.test.autoconfigure.web.servlet.WebDriverTestExecutionListener@3ddd44b6, org.springframework.boot.test.autoconfigure.webservices.client.MockWebServiceServerTestExecutionListener@3f417f17, org.springframework.boot.test.mock.mockito.ResetMocksTestExecutionListener@68252484]
13:20:27.325 [Test worker] DEBUG org.springframework.test.context.support.AbstractDirtiesContextTestExecutionListener - Before test class: context [DefaultTestContext@1b50e74d testClass = NamesFromFilesRepositoryTest, testInstance = [null], testMethod = [null], testException = [null], mergedContextConfiguration = [WebMergedContextConfiguration@138dd3ee testClass = NamesFromFilesRepositoryTest, locations = '{}', classes = '{class com.silenteight.homework.HomeworkApplication}', contextInitializerClasses = '[]', activeProfiles = '{}', propertySourceLocations = '{}', propertySourceProperties = '{org.springframework.boot.test.context.SpringBootTestContextBootstrapper=true}', contextCustomizers = set[org.springframework.boot.test.autoconfigure.actuate.metrics.MetricsExportContextCustomizerFactory$DisableMetricExportContextCustomizer@3de61f76, org.springframework.boot.test.autoconfigure.properties.PropertyMappingContextCustomizer@0, org.springframework.boot.test.autoconfigure.web.servlet.WebDriverContextCustomizerFactory$Customizer@66e66317, org.springframework.boot.test.context.filter.ExcludeFilterContextCustomizer@275e7eba, org.springframework.boot.test.json.DuplicateJsonObjectContextCustomizerFactory$DuplicateJsonObjectContextCustomizer@2e25e557, org.springframework.boot.test.mock.mockito.MockitoContextCustomizer@0, org.springframework.boot.test.web.client.TestRestTemplateContextCustomizer@49942128, org.springframework.boot.test.context.SpringBootTestArgs@1, org.springframework.boot.test.context.SpringBootTestWebEnvironment@6f584d7d], resourceBasePath = 'src/main/webapp', contextLoader = 'org.springframework.boot.test.context.SpringBootContextLoader', parent = [null]], attributes = map['org.springframework.test.context.web.ServletTestExecutionListener.activateListener' -> true]], class annotated with @DirtiesContext [false] with mode [null].
13:20:27.379 [Test worker] DEBUG org.springframework.test.context.support.TestPropertySourceUtils - Adding inlined properties to environment: {spring.jmx.enabled=false, org.springframework.boot.test.context.SpringBootTestContextBootstrapper=true}

  .   ____          _            __ _ _
 /\\ / ___'_ __ _ _(_)_ __  __ _ \ \ \ \
( ( )\___ | '_ | '_| | '_ \/ _` | \ \ \ \
 \\/  ___)| |_)| | | | | || (_| |  ) ) ) )
  '  |____| .__|_| |_|_| |_\__, | / / / /
 =========|_|==============|___/=/_/_/_/
 :: Spring Boot ::                (v2.4.4)

2021-04-06 13:20:27.671  INFO 4784 --- [    Test worker] c.s.h.r.NamesFromFilesRepositoryTest     : Starting NamesFromFilesRepositoryTest using Java 11.0.5 on DESKTOP-9MEJI3E with PID 4784 (started by uniqa in C:\GIT\portfolio\silenteighthomework)
2021-04-06 13:20:27.674  INFO 4784 --- [    Test worker] c.s.h.r.NamesFromFilesRepositoryTest     : No active profile set, falling back to default profiles: default
2021-04-06 13:20:29.008  INFO 4784 --- [    Test worker] o.s.s.concurrent.ThreadPoolTaskExecutor  : Initializing ExecutorService 'applicationTaskExecutor'
2021-04-06 13:20:29.357  INFO 4784 --- [    Test worker] c.s.h.r.NamesFromFilesRepositoryTest     : Started NamesFromFilesRepositoryTest in 1.968 seconds (JVM running for 3.414)
]]></system-out>
  <system-err><![CDATA[]]></system-err>
</testsuite>
